Build started 5/24/2015 4:34:07 AM.
     1>Project "C:\Users\student\Desktop\LeapSDK - Copy (2)\samples\SampleVS2012.vcxproj" on node 2 (Build target(s)).
     1>ClCompile:
         C:\Program Files (x86)\Microsoft Visual Studio 12.0\VC\bin\CL.exe /c /I..\include /ZI /nologo /W3 /WX- /Od /Oy- /D WIN32 /D _DEBUG /D _CONSOLE /D _UNICODE /D UNICODE /Gm /EHsc /RTC1 /MDd /GS /fp:precise /Zc:wchar_t /Zc:forScope /Fo"Debug\\" /Fd"Debug\vc120.pdb" /Gd /TP /analyze- /errorReport:prompt ..\PadListener.cpp
         PadListener.cpp
     1>c:\users\student\desktop\leapsdk - copy (2)\padlistener.cpp(120): warning C4244: 'argument' : conversion from 'unsigned int' to 'float', possible loss of data
     1>c:\users\student\desktop\leapsdk - copy (2)\padlistener.cpp(169): warning C4244: 'initializing' : conversion from 'float' to 'int', possible loss of data
     1>c:\users\student\desktop\leapsdk - copy (2)\padlistener.cpp(170): warning C4244: 'initializing' : conversion from 'float' to 'int', possible loss of data
     1>c:\users\student\desktop\leapsdk - copy (2)\padlistener.cpp(188): warning C4244: 'argument' : conversion from 'float' to 'int', possible loss of data
     1>c:\users\student\desktop\leapsdk - copy (2)\padlistener.cpp(196): warning C4244: '=' : conversion from 'float' to 'int', possible loss of data
     1>c:\users\student\desktop\leapsdk - copy (2)\padlistener.cpp(197): warning C4244: '=' : conversion from 'float' to 'int', possible loss of data
     1>c:\users\student\desktop\leapsdk - copy (2)\padlistener.cpp(210): warning C4244: 'initializing' : conversion from 'float' to 'int', possible loss of data
     1>c:\users\student\desktop\leapsdk - copy (2)\padlistener.cpp(211): warning C4244: 'initializing' : conversion from 'float' to 'int', possible loss of data
     1>c:\users\student\desktop\leapsdk - copy (2)\padlistener.cpp(229): warning C4244: 'argument' : conversion from 'float' to 'int', possible loss of data
     1>c:\users\student\desktop\leapsdk - copy (2)\padlistener.cpp(237): warning C4244: '=' : conversion from 'float' to 'int', possible loss of data
     1>c:\users\student\desktop\leapsdk - copy (2)\padlistener.cpp(238): warning C4244: '=' : conversion from 'float' to 'int', possible loss of data
     1>c:\users\student\desktop\leapsdk - copy (2)\padlistener.cpp(251): warning C4244: 'initializing' : conversion from 'float' to 'int', possible loss of data
     1>c:\users\student\desktop\leapsdk - copy (2)\padlistener.cpp(252): warning C4244: 'initializing' : conversion from 'float' to 'int', possible loss of data
     1>c:\users\student\desktop\leapsdk - copy (2)\padlistener.cpp(270): warning C4244: 'argument' : conversion from 'float' to 'int', possible loss of data
     1>c:\users\student\desktop\leapsdk - copy (2)\padlistener.cpp(278): warning C4244: '=' : conversion from 'float' to 'int', possible loss of data
     1>c:\users\student\desktop\leapsdk - copy (2)\padlistener.cpp(279): warning C4244: '=' : conversion from 'float' to 'int', possible loss of data
     1>c:\users\student\desktop\leapsdk - copy (2)\padlistener.cpp(14): warning C4715: 'isIndexFingerStraight' : not all control paths return a value
       Link:
         C:\Program Files (x86)\Microsoft Visual Studio 12.0\VC\bin\link.exe /ERRORREPORT:PROMPT /OUT:"C:\Users\student\Desktop\LeapSDK - Copy (2)\samples\Debug\Sample.exe" /INCREMENTAL /NOLOGO /LIBPATH:..\lib\x86 Leap.lib kernel32.lib user32.lib gdi32.lib winspool.lib comdlg32.lib advapi32.lib shell32.lib ole32.lib oleaut32.lib uuid.lib odbc32.lib odbccp32.lib kernel32.lib user32.lib gdi32.lib winspool.lib comdlg32.lib advapi32.lib shell32.lib ole32.lib oleaut32.lib uuid.lib odbc32.lib odbccp32.lib /MANIFEST /MANIFESTUAC:"level='asInvoker' uiAccess='false'" /manifest:embed /DEBUG /PDB:"C:\Users\student\Desktop\LeapSDK - Copy (2)\samples\Debug\Sample.pdb" /SUBSYSTEM:CONSOLE /TLBID:1 /DYNAMICBASE /NXCOMPAT /IMPLIB:"C:\Users\student\Desktop\LeapSDK - Copy (2)\samples\Debug\Sample.lib" /MACHINE:X86 Debug\main.obj
         Debug\PadArtist.obj
         Debug\PadListener.obj
         Debug\Sample.obj
         SampleVS2012.vcxproj -> C:\Users\student\Desktop\LeapSDK - Copy (2)\samples\Debug\Sample.exe
       PostBuildEvent:
         copy ..\lib\x86\Leap.dll "C:\Users\student\Desktop\LeapSDK - Copy (2)\samples\Debug\"
         :VCEnd
                 1 file(s) copied.
     1>Done Building Project "C:\Users\student\Desktop\LeapSDK - Copy (2)\samples\SampleVS2012.vcxproj" (Build target(s)).

Build succeeded.

Time Elapsed 00:00:02.84
